[Message:   BepInEx] BepInEx 5.4.19.0 - valheim (2022-09-16 PM 9:33:30)
[Info   :   BepInEx] Running under Unity v2020.3.33.9525882
[Info   :   BepInEx] CLR runtime version: 4.0.30319.42000
[Info   :   BepInEx] Supports SRE: True
[Info   :   BepInEx] System platform: Bits64, Windows
[Message:   BepInEx] Preloader started
[Info   :   BepInEx] Loaded 1 patcher method from [BepInEx.Preloader 5.4.19.0]
[Info   :   BepInEx] 1 patcher plugin loaded
[Info   :   BepInEx] Patching [UnityEngine.CoreModule] with [BepInEx.Chainloader]
[Message:   BepInEx] Preloader finished
[Message:   BepInEx] Chainloader ready
[Message:   BepInEx] Chainloader started
[Info   :   BepInEx] 28 plugins to load
[Info   :   BepInEx] Loading [Minimal Status Effects 1.0.3]
[Info   :   BepInEx] Loading [AlweStats 4.4.1]
[Info   : AlweStats] AlweStats loaded successfully !
[Info   :   BepInEx] Loading [Auto Map Pins 1.2.2]
[Info   :   BepInEx] Loading [Pin Filters 1.2.0]
[Info   : Unity Log] Configuring Pin Filter global toggle to key F7.
[Info   :   BepInEx] Loading [FloatingItems 1.0.0]
[Info   :   BepInEx] Loading [Valheim Map Icon Mod 1.0.0.3]
[Info   : Unity Log] Hell0, Map Ic0n M0d by easy-develope.ch!
[Info   :   BepInEx] Loading [Bow Zoom 0.0.1]
[Info   :   BepInEx] Loading [Configuration Manager 17.0]
[Info   :   BepInEx] Loading [Valheim Plus 0.9.9.8]
[Info   :Valheim Plus] Trying to load the configuration file
[Info   : Unity Log] Loading config section AdvancedBuildingMode
[Info   : Unity Log]  Section not enabled
[Info   : Unity Log] Loading config section AdvancedEditingMode
[Info   : Unity Log]  Section not enabled
[Info   : Unity Log] Loading config section Bed
[Info   : Unity Log]  Section not enabled
[Info   : Unity Log] Loading config section Beehive
[Info   : Unity Log]  Loading key honeyProductionSpeed
[Info   : Unity Log]  Loading key maximumHoneyPerBeehive
[Info   : Unity Log]  Loading key autoDeposit
[Info   : Unity Log]  Loading key autoDepositRange
[Info   : Unity Log]  Loading key showDuration
[Info   : Unity Log] Loading config section Building
[Info   : Unity Log]  Loading key noInvalidPlacementRestriction
[Info   : Unity Log]  Loading key noMysticalForcesPreventPlacementRestriction
[Info   : Unity Log]  Loading key noWeatherDamage
[Info   : Unity Log]  Loading key maximumPlacementDistance
[Info   : Unity Log]  Loading key pieceComfortRadius
[Info   : Unity Log]  Loading key alwaysDropResources
[Info   : Unity Log]  Loading key alwaysDropExcludedResources
[Info   : Unity Log]  Loading key enableAreaRepair
[Info   : Unity Log]  Loading key areaRepairRadius
[Info   : Unity Log] Loading config section Deconstruct
[Info   : Unity Log]  Section not enabled
[Info   : Unity Log] Loading config section Inventory
[Info   : Unity Log]  Loading key inventoryFillTopToBottom
[Info   : Unity Log]  Loading key mergeWithExistingStacks
[Info   : Unity Log]  Loading key playerInventoryRows
[Info   : Unity Log]  Loading key woodChestColumns
[Info   : Unity Log]  Loading key woodChestRows
[Info   : Unity Log]  Loading key personalChestColumns
[Info   : Unity Log]  Loading key personalChestRows
[Info   : Unity Log]  Loading key ironChestColumns
[Info   : Unity Log]  Loading key ironChestRows
[Info   : Unity Log]  Loading key blackmetalChestColumns
[Info   : Unity Log]  Loading key blackmetalChestRows
[Info   : Unity Log]  Loading key cartInventoryColumns
[Info   : Unity Log]  Loading key cartInventoryRows
[Info   : Unity Log]  Loading key karveInventoryColumns
[Info   : Unity Log]  Loading key karveInventoryRows
[Info   : Unity Log]  Loading key longboatInventoryColumns
[Info   : Unity Log]  Loading key longboatInventoryRows
[Info   : Unity Log] Loading config section Items
[Info   : Unity Log]  Loading key noTeleportPrevention
[Info   : Unity Log]  Loading key baseItemWeightReduction
[Info   : Unity Log]  Loading key itemStackMultiplier
[Info   : Unity Log]  Loading key droppedItemOnGroundDurationInSeconds
[Info   : Unity Log]  Loading key itemsFloatInWater
[Info   : Unity Log] Loading config section Fermenter
[Info   : Unity Log]  Loading key fermenterDuration
[Info   : Unity Log]  Loading key fermenterItemsProduced
[Warning: Unity Log]  [Int] Could not read fermenterItemsProduced, using default value of 4
[Info   : Unity Log]  Loading key showDuration
[Info   : Unity Log]  Loading key autoDeposit
[Info   : Unity Log]  Loading key autoFuel
[Info   : Unity Log]  Loading key ignorePrivateAreaCheck
[Info   : Unity Log]  Loading key autoRange
[Info   : Unity Log] Loading config section FireSource
[Info   : Unity Log]  Section not enabled
[Info   : Unity Log] Loading config section Food
[Info   : Unity Log]  Loading key foodDurationMultiplier
[Info   : Unity Log]  Loading key disableFoodDegradation
[Info   : Unity Log] Loading config section Smelter
[Info   : Unity Log]  Loading key maximumOre
[Info   : Unity Log]  Loading key maximumCoal
[Info   : Unity Log]  Loading key coalUsedPerProduct
[Info   : Unity Log]  Loading key productionSpeed
[Info   : Unity Log]  Loading key autoDeposit
[Info   : Unity Log]  Loading key autoFuel
[Info   : Unity Log]  Loading key ignorePrivateAreaCheck
[Info   : Unity Log]  Loading key autoRange
[Info   : Unity Log] Loading config section Furnace
[Info   : Unity Log]  Section not enabled
[Info   : Unity Log] Loading config section Hotkeys
[Info   : Unity Log]  Section not enabled
[Info   : Unity Log] Loading config section Kiln
[Info   : Unity Log]  Loading key productionSpeed
[Info   : Unity Log]  Loading key maximumWood
[Info   : Unity Log]  Loading key dontProcessFineWood
[Info   : Unity Log]  Loading key dontProcessRoundLog
[Info   : Unity Log]  Loading key autoDeposit
[Info   : Unity Log]  Loading key autoFuel
[Info   : Unity Log]  Loading key stopAutoFuelThreshold
[Info   : Unity Log]  Loading key ignorePrivateAreaCheck
[Info   : Unity Log]  Loading key autoRange
[Info   : Unity Log] Loading config section Windmill
[Info   : Unity Log]  Section not enabled
[Info   : Unity Log] Loading config section SpinningWheel
[Info   : Unity Log]  Section not enabled
[Info   : Unity Log] Loading config section Map
[Info   : Unity Log]  Loading key shareMapProgression
[Info   : Unity Log]  Loading key exploreRadius
[Info   : Unity Log]  Loading key preventPlayerFromTurningOffPublicPosition
[Info   : Unity Log]  Loading key shareAllPins
[Info   : Unity Log]  Loading key displayCartsAndBoats
[Info   : Unity Log] Loading config section Player
[Info   : Unity Log]  Loading key baseMaximumWeight
[Info   : Unity Log]  Loading key baseMegingjordBuff
[Info   : Unity Log]  Loading key baseAutoPickUpRange
[Info   : Unity Log]  Loading key disableCameraShake
[Info   : Unity Log]  Loading key baseUnarmedDamage
[Info   : Unity Log]  Loading key cropNotifier
[Info   : Unity Log]  Loading key restSecondsPerComfortLevel
[Info   : Unity Log]  Loading key deathPenaltyMultiplier
[Info   : Unity Log]  Loading key autoRepair
[Info   : Unity Log]  Loading key guardianBuffDuration
[Info   : Unity Log]  Loading key guardianBuffCooldown
[Info   : Unity Log]  Loading key disableGuardianBuffAnimation
[Info   : Unity Log]  Loading key autoEquipShield
[Info   : Unity Log]  Loading key autoUnequipShield
[Info   : Unity Log]  Loading key skipIntro
[Info   : Unity Log]  Loading key iHaveArrivedOnSpawn
[Info   : Unity Log]  Loading key queueWeaponChanges
[Info   : Unity Log]  Loading key dontUnequipItemsWhenSwimming
[Info   : Unity Log]  Loading key reequipItemsAfterSwimming
[Info   : Unity Log]  Loading key fallDamageScalePercent
[Info   : Unity Log]  Loading key maxFallDamage
[Info   : Unity Log]  Loading key skipTutorials
[Info   : Unity Log]  Loading key disableEncumbered
[Info   : Unity Log]  Loading key autoPickUpWhenEncumbered
[Info   : Unity Log] Loading config section Server
[Info   : Unity Log]  Loading key maxPlayers
[Info   : Unity Log]  Loading key disableServerPassword
[Info   : Unity Log]  Loading key enforceMod
[Info   : Unity Log]  Loading key serverSyncsConfig
[Info   : Unity Log]  Loading key serverSyncHotkeys
[Info   : Unity Log] Loading config section Stamina
[Info   : Unity Log]  Loading key dodgeStaminaUsage
[Info   : Unity Log]  Loading key encumberedStaminaDrain
[Info   : Unity Log]  Loading key jumpStaminaDrain
[Info   : Unity Log]  Loading key runStaminaDrain
[Info   : Unity Log]  Loading key sneakStaminaDrain
[Info   : Unity Log]  Loading key staminaRegen
[Info   : Unity Log]  Loading key staminaRegenDelay
[Info   : Unity Log]  Loading key swimStaminaDrain
[Info   : Unity Log] Loading config section StaminaUsage
[Info   : Unity Log]  Loading key axes
[Info   : Unity Log]  Loading key bows
[Info   : Unity Log]  Loading key blocking
[Info   : Unity Log]  Loading key clubs
[Info   : Unity Log]  Loading key knives
[Info   : Unity Log]  Loading key pickaxes
[Info   : Unity Log]  Loading key polearms
[Info   : Unity Log]  Loading key spears
[Info   : Unity Log]  Loading key swords
[Info   : Unity Log]  Loading key unarmed
[Info   : Unity Log]  Loading key hammer
[Info   : Unity Log]  Loading key hoe
[Info   : Unity Log]  Loading key cultivator
[Info   : Unity Log]  Loading key fishing
[Info   : Unity Log] Loading config section Workbench
[Info   : Unity Log]  Section not enabled
[Info   : Unity Log] Loading config section Time
[Info   : Unity Log]  Section not enabled
[Info   : Unity Log] Loading config section Ward
[Info   : Unity Log]  Section not enabled
[Info   : Unity Log] Loading config section StructuralIntegrity
[Info   : Unity Log]  Section not enabled
[Info   : Unity Log] Loading config section Tameable
[Info   : Unity Log]  Section not enabled
[Info   : Unity Log] Loading config section Hud
[Info   : Unity Log]  Loading key showRequiredItems
[Info   : Unity Log]  Loading key experienceGainedNotifications
[Info   : Unity Log]  Loading key removeDamageFlash
[Info   : Unity Log]  Loading key displayBowAmmoCounts
[Info   : Unity Log] Loading config section Experience
[Info   : Unity Log]  Loading key swords
[Info   : Unity Log]  Loading key knives
[Info   : Unity Log]  Loading key clubs
[Info   : Unity Log]  Loading key polearms
[Info   : Unity Log]  Loading key spears
[Info   : Unity Log]  Loading key blocking
[Info   : Unity Log]  Loading key axes
[Info   : Unity Log]  Loading key bows
[Info   : Unity Log]  Loading key fireMagic
[Info   : Unity Log]  Loading key frostMagic
[Info   : Unity Log]  Loading key unarmed
[Info   : Unity Log]  Loading key pickaxes
[Info   : Unity Log]  Loading key woodCutting
[Info   : Unity Log]  Loading key jump
[Info   : Unity Log]  Loading key sneak
[Info   : Unity Log]  Loading key run
[Info   : Unity Log]  Loading key swim
[Info   : Unity Log]  Loading key ride
[Info   : Unity Log] Loading config section Camera
[Info   : Unity Log]  Section not enabled
[Info   : Unity Log] Loading config section Game
[Info   : Unity Log]  Section not enabled
[Info   : Unity Log] Loading config section Wagon
[Info   : Unity Log]  Section not enabled
[Info   : Unity Log] Loading config section Gathering
[Info   : Unity Log]  Loading key wood
[Info   : Unity Log]  Loading key stone
[Info   : Unity Log]  Loading key fineWood
[Info   : Unity Log]  Loading key coreWood
[Info   : Unity Log]  Loading key elderBark
[Info   : Unity Log]  Loading key ironScrap
[Info   : Unity Log]  Loading key tinOre
[Info   : Unity Log]  Loading key copperOre
[Info   : Unity Log]  Loading key silverOre
[Info   : Unity Log]  Loading key chitin
[Info   : Unity Log]  Loading key dropChance
[Info   : Unity Log] Loading config section Pickable
[Info   : Unity Log]  Loading key edibles
[Info   : Unity Log]  Loading key flowersAndIngredients
[Info   : Unity Log]  Loading key materials
[Info   : Unity Log]  Loading key valuables
[Info   : Unity Log]  Loading key surtlingCores
[Info   : Unity Log] Loading config section Durability
[Info   : Unity Log]  Loading key axes
[Info   : Unity Log]  Loading key pickaxes
[Info   : Unity Log]  Loading key hammer
[Info   : Unity Log]  Loading key cultivator
[Info   : Unity Log]  Loading key hoe
[Info   : Unity Log]  Loading key weapons
[Info   : Unity Log]  Loading key armor
[Info   : Unity Log]  Loading key bows
[Info   : Unity Log]  Loading key shields
[Info   : Unity Log]  Loading key torch
[Info   : Unity Log] Loading config section Armor
[Info   : Unity Log]  Section not enabled
[Info   : Unity Log] Loading config section FreePlacementRotation
[Info   : Unity Log]  Section not enabled
[Info   : Unity Log] Loading config section Shields
[Info   : Unity Log]  Section not enabled
[Info   : Unity Log] Loading config section FirstPerson
[Info   : Unity Log]  Section not enabled
[Info   : Unity Log] Loading config section GridAlignment
[Info   : Unity Log]  Section not enabled
[Info   : Unity Log] Loading config section CraftFromChest
[Info   : Unity Log]  Loading key range
[Info   : Unity Log]  Loading key disableCookingStation
[Info   : Unity Log]  Loading key checkFromWorkbench
[Info   : Unity Log]  Loading key ignorePrivateAreaCheck
[Info   : Unity Log]  Loading key lookupInterval
[Info   : Unity Log]  Loading key allowCraftingFromCarts
[Info   : Unity Log]  Loading key allowCraftingFromShips
[Info   : Unity Log] Loading config section ValheimPlus
[Info   : Unity Log]  Loading key mainMenuLogo
[Info   : Unity Log]  Loading key serverBrowserAdvertisement
[Info   : Unity Log] Loading config section PlayerProjectile
[Info   : Unity Log]  Section not enabled
[Info   : Unity Log] Loading config section MonsterProjectile
[Info   : Unity Log]  Section not enabled
[Info   : Unity Log] Loading config section GameClock
[Info   : Unity Log]  Section not enabled
[Info   : Unity Log] Loading config section Brightness
[Info   : Unity Log]  Section not enabled
[Info   : Unity Log] Loading config section Chat
[Info   : Unity Log]  Section not enabled
[Info   :Valheim Plus] Configuration file loaded succesfully.
[Info   : Unity Log] 09/18/2022 07:48:13: Successfully transpiled Pickable.RPC_Pick to patch item yields

[Info   :Valheim Plus] ValheimPlus [0.9.9.8] is up to date.
[Info   :   BepInEx] Loading [Crafting with Containers - TempFix by LukaWolf 1.0.15]
[Info   :   BepInEx] Loading [SimpleRecycling 0.0.13]
[Info   :   BepInEx] Loading [UnrestrictedPortals 1.4.2]
[Message:UnrestrictedPortals] Loading configuration...
[Message:UnrestrictedPortals] Successfully loaded configuration.
[Message:UnrestrictedPortals] Loading patches...
[Message:UnrestrictedPortals] Successfully loaded patches.
[Info   :   BepInEx] Loading [Jotunn 2.7.8]
[Info   :    Jotunn] Initializing LocalizationManager
[Info   :    Jotunn] Initializing CommandManager
[Info   :    Jotunn] Initializing InputManager
[Info   :    Jotunn] Initializing SkillManager
[Info   :    Jotunn] Initializing PrefabManager
[Info   :    Jotunn] Initializing ItemManager
[Info   :    Jotunn] Initializing PieceManager
[Info   :    Jotunn] Initializing CreatureManager
[Info   :    Jotunn] Initializing ZoneManager
[Info   :    Jotunn] Initializing MockManager
[Info   :    Jotunn] Initializing KitbashManager
[Info   :    Jotunn] Initializing GUIManager
[Info   :    Jotunn] Initializing KeyHintManager
[Info   :    Jotunn] Initializing NetworkManager
[Info   :    Jotunn] Initializing SynchronizationManager
[Info   :    Jotunn] Initializing RenderManager
[Info   :    Jotunn] Initializing MinimapManager
[Info   :    Jotunn] Initializing UndoManager
[Info   :    Jotunn] Jötunn v2.7.8 loaded successfully
[Info   :   BepInEx] Loading [Faster Teleportation 0.3.1.0]
[Info   :   BepInEx] Loading [Use Equipment in Water 0.2.3]
[Info   :   BepInEx] Loading [OdinArchitect 0.1.3]
[Info   :OdinArchitect.OdinArchitect] Embedded resources: OdinArchitect.odinarchitect
[Info   :   BepInEx] Loading [AnyPortal 2.0.0]
[Info   :   BepInEx] Loading [UsefulPaths 1.0.5.0]
[Info   :   BepInEx] Loading [Valheim Plus Build Expansion 1.0.8]
[Info   :   BepInEx] Loading [Quick Stack 0.6.5]
[Info   :Quick Stack] Initializing Quick Stack.
[Info   :   BepInEx] Loading [Display BepInEx Info In-Game 2.0.0]
[Info   :   BepInEx] Loading [Extended Item Data Framework 1.0.7]
[Info   :   BepInEx] Loading [Epic Loot 0.8.9]
[Info   : Unity Log] 09/18/2022 07:48:19: Loaded localization CSV:localization language:English

[Info   : Unity Log] 09/18/2022 07:48:19: Loaded localization CSV:localization_extra language:English

[Info   : Unity Log] 09/18/2022 07:48:19: Loaded localization CSV:localization language:Korean

[Info   : Unity Log] 09/18/2022 07:48:19: Loaded localization CSV:localization_extra language:Korean

[Info   :   BepInEx] Loading [Equipment and Quick Slots 2.0.15]
[Info   :   BepInEx] Loading [QoLPins 5.4.1604]
[Info   :   QoLPins] Updating ColorLib

[Info   :   BepInEx] Loading [Hold Attack 0.4.1]
[Info   :   BepInEx] Loading [BuildHelper 0.2]
[Info   :   BepInEx] Loading [TorchesEternal 0.2]
[Message:   BepInEx] Chainloader startup complete
[Info   : Unity Log] 09/18/2022 07:48:23: Starting to load scene:start

[Warning: Unity Log] Only custom filters can be played. Please add a custom filter or an audioclip to the audiosource (Amb_MainMenu).
[Info   : Unity Log] 09/18/2022 07:48:27: Using environment steamid 892970

[Info   : Unity Log] 09/18/2022 07:48:27: Using steam APPID:892970

[Info   : Unity Log] 09/18/2022 07:48:27: Authentication:k_ESteamNetworkingAvailability_Attempting

[Info   : Unity Log] 09/18/2022 07:48:27: Steam initialized, persona:b4dnsupg

[Info   : Unity Log] 09/18/2022 07:48:27: Using default prefs

[Info   : Unity Log] 09/18/2022 07:48:27: Valheim version:0.210.6@0.9.9.8

[Info   :Jotunn.Managers.CommandManager] Adding 1 commands to the Console
[Info   : Unity Log] 09/18/2022 07:48:27: Render threading mode:MultiThreaded

[Warning: Unity Log] 09/18/2022 07:48:27: Missing audio clip in music respawn

[Info   : Unity Log] 09/18/2022 07:48:27: Checking for installed DLCs

[Info   : Unity Log] 09/18/2022 07:48:27: DLC:beta installed:False

[Info   :Jotunn.Managers.LocalizationManager] Loading custom localizations
[Info   : Unity Log] 09/18/2022 07:48:28: Loaded localization CSV:localization language:English

[Info   : Unity Log] 09/18/2022 07:48:28: Loaded localization CSV:localization_extra language:English

[Info   :Jotunn.Managers.LocalizationManager] Adding tokens for language 'English'
[Info   : Unity Log] 09/18/2022 07:48:28: Loaded localization CSV:localization language:Korean

[Info   : Unity Log] 09/18/2022 07:48:28: Loaded localization CSV:localization_extra language:Korean

[Info   :Jotunn.Managers.LocalizationManager] Adding tokens for language 'Korean'
[Info   :Jotunn.Managers.ItemManager] Adding 1 custom items to the ObjectDB
[Info   : Unity Log] [PrefabCreator] Added recipe: Recipe_LeatherBelt
[Info   : Unity Log] [PrefabCreator] Added recipe: Recipe_SilverRing
[Info   : Unity Log] [PrefabCreator] Added recipe: Recipe_GoldRubyRing
[Info   : Unity Log] [PrefabCreator] Added recipe: Recipe_ShardRareUpgrade
[Info   : Unity Log] [PrefabCreator] Added recipe: Recipe_ShardEpicUpgrade
[Info   : Unity Log] [PrefabCreator] Added recipe: Recipe_ShardLegendaryUpgrade
[Info   : Unity Log] [PrefabCreator] Added recipe: Recipe_DustRareUpgrade
[Info   : Unity Log] [PrefabCreator] Added recipe: Recipe_DustEpicUpgrade
[Info   : Unity Log] [PrefabCreator] Added recipe: Recipe_DustLegendaryUpgrade
[Info   : Unity Log] [PrefabCreator] Added recipe: Recipe_ReagentRareUpgrade
[Info   : Unity Log] [PrefabCreator] Added recipe: Recipe_ReagentEpicUpgrade
[Info   : Unity Log] [PrefabCreator] Added recipe: Recipe_ReagentLegendaryUpgrade
[Info   : Unity Log] [PrefabCreator] Added recipe: Recipe_EssenceRareUpgrade
[Info   : Unity Log] [PrefabCreator] Added recipe: Recipe_EssenceEpicUpgrade
[Info   : Unity Log] [PrefabCreator] Added recipe: Recipe_EssenceLegendaryUpgrade
[Info   : Unity Log] [PrefabCreator] Added recipe: Recipe_RunestoneRareUpgrade
[Info   : Unity Log] [PrefabCreator] Added recipe: Recipe_RunestoneEpicUpgrade
[Info   : Unity Log] [PrefabCreator] Added recipe: Recipe_RunestoneLegendaryUpgrade
[Info   : Unity Log] [PrefabCreator] Added recipe: Recipe_MagicShardToDust_Conversion
[Info   : Unity Log] [PrefabCreator] Added recipe: Recipe_MagicShardToEssence_Conversion
[Info   : Unity Log] [PrefabCreator] Added recipe: Recipe_MagicShardToReagent_Conversion
[Info   : Unity Log] [PrefabCreator] Added recipe: Recipe_RareShardToDust_Conversion
[Info   : Unity Log] [PrefabCreator] Added recipe: Recipe_RareShardToEssence_Conversion
[Info   : Unity Log] [PrefabCreator] Added recipe: Recipe_RareShardToReagent_Conversion
[Info   : Unity Log] [PrefabCreator] Added recipe: Recipe_EpicShardToDust_Conversion
[Info   : Unity Log] [PrefabCreator] Added recipe: Recipe_EpicShardToEssence_Conversion
[Info   : Unity Log] [PrefabCreator] Added recipe: Recipe_EpicShardToReagent_Conversion
[Info   : Unity Log] [PrefabCreator] Added recipe: Recipe_LegendaryShardToDust_Conversion
[Info   : Unity Log] [PrefabCreator] Added recipe: Recipe_LegendaryShardToEssence_Conversion
[Info   : Unity Log] [PrefabCreator] Added recipe: Recipe_LegendaryShardToReagent_Conversion
[Info   : Unity Log] [PrefabCreator] Added recipe: Recipe_BoneSkeletonTrophy
[Info   : Unity Log] [PrefabCreator] Added recipe: Recipe_EyeGreydwarfTrophy
[Info   : Unity Log] [PrefabCreator] Added recipe: Recipe_AntlerDeerTrophy
[Info   : Unity Log] [PrefabCreator] Added recipe: Recipe_HideTrollTrophy
[Info   : Unity Log] [PrefabCreator] Added recipe: Recipe_CoreSurtlingTrophy
[Info   : Unity Log] [PrefabCreator] Added recipe: Recipe_FreezeGlandDrakeTrophy
[Info   : Unity Log] [PrefabCreator] Added recipe: Recipe_DragonTearRunestone
[Info   : Unity Log] [PrefabCreator] Added recipe: Recipe_YagluthThingRunestone
[Info   : Unity Log] 09/18/2022 07:48:28: Vis equip model set to 1

[Info   : Unity Log] 09/18/2022 07:48:28: Vis equip model set to 1

[Error  : Unity Log] MissingMethodException: ZInput/ButtonDef ZInput.AddButton(string,UnityEngine.KeyCode,single,single)
Stack trace:
(wrapper dynamic-method) Player.DMD<Player::Start>(Player)

[Info   : Unity Log] 09/18/2022 07:48:29: UI Group status changed Menu = True

[Info   : Unity Log] 09/18/2022 07:48:31: UI Group status changed Menu = True

[Info   : Unity Log] 09/18/2022 07:48:55: FOund selected Start game

[Info   : Unity Log] 09/18/2022 07:48:55: show character selection

[Info   : Unity Log] 09/18/2022 07:48:55: Vis equip model set to 1

[Error  : Unity Log] MissingMethodException: ZInput/ButtonDef ZInput.AddButton(string,UnityEngine.KeyCode,single,single)
Stack trace:
(wrapper dynamic-method) Player.DMD<Player::Start>(Player)

[Error  : Unity Log] GUI Error: You are pushing more GUIClips than you are popping. Make sure they are balanced.
[Error  : Unity Log] GUI Error: You are pushing more GUIClips than you are popping. Make sure they are balanced.
[Error  : Unity Log] GUI Error: You are pushing more GUIClips than you are popping. Make sure they are balanced.
[Error  : Unity Log] GUI Error: You are pushing more GUIClips than you are popping. Make sure they are balanced.
[Error  : Unity Log] GUI Error: You are pushing more GUIClips than you are popping. Make sure they are balanced.
[Info   : Unity Log] 09/18/2022 07:50:46: Steam manager on destroy

[Info   : Unity Log] Unpatching now
